Using pre-set license
Built from '2020.3/staging' branch; Version is '2020.3.38f1 (8f5fde82e2dc) revision 9396190'; Using compiler version '192528614'; Build Type 'Release'
OS: 'Windows 10  (10.0.19045) 64bit Professional' Language: 'en' Physical Memory: 8088 MB
BatchMode: 1, IsHumanControllingUs: 0, StartBugReporterOnCrash: 0, Is64bit: 1, IsPro: 0

COMMAND LINE ARGUMENTS:
D:\Unity\2020.3.38f1\Editor\Unity.exe
-adb2
-batchMode
-noUpm
-name
AssetImportWorker0
-projectPath
F:/Unity/ChessGame
-logFile
Logs/AssetImportWorker0.log
-srvPort
57673
Successfully changed project path to: F:/Unity/ChessGame
F:/Unity/ChessGame
Using Asset Import Pipeline V2.
Refreshing native plugins compatible for Editor in 156.69 ms, found 2 plugins.
Preloading 0 native plugins for Editor in 0.00 ms.
Initialize engine version: 2020.3.38f1 (8f5fde82e2dc)
[Subsystems] Discovering subsystems at path D:/Unity/2020.3.38f1/Editor/Data/Resources/UnitySubsystems
[Subsystems] Discovering subsystems at path F:/Unity/ChessGame/Assets
GfxDevice: creating device client; threaded=0
Direct3D:
    Version:  Direct3D 11.0 [level 11.1]
    Renderer: AMD Radeon R7 M340 (ID=0x6900)
    Vendor:   
    VRAM:     2038 MB
    Driver:   27.20.20904.1004
Initialize mono
Mono path[0] = 'D:/Unity/2020.3.38f1/Editor/Data/Managed'
Mono path[1] = 'D:/Unity/2020.3.38f1/Editor/Data/MonoBleedingEdge/lib/mono/unityjit'
Mono config path = 'D:/Unity/2020.3.38f1/Editor/Data/MonoBleedingEdge/etc'
Using monoOptions --debugger-agent=transport=dt_socket,embedding=1,server=y,suspend=n,address=127.0.0.1:56428
Begin MonoManager ReloadAssembly
Registering precompiled unity dll's ...
Register platform support module: D:/Unity/2020.3.38f1/Editor/Data/PlaybackEngines/WebGLSupport/UnityEditor.WebGL.Extensions.dll
Register platform support module: D:/Unity/2020.3.38f1/Editor/Data/PlaybackEngines/WindowsStandaloneSupport/UnityEditor.WindowsStandalone.Extensions.dll
Registered in 0.004481 seconds.
Native extension for WindowsStandalone target not found
Native extension for WebGL target not found
Refreshing native plugins compatible for Editor in 146.23 ms, found 2 plugins.
Preloading 0 native plugins for Editor in 0.00 ms.
Mono: successfully reloaded assembly
- Completed reload, in  1.696 seconds
Domain Reload Profiling:
	ReloadAssembly (1697ms)
		BeginReloadAssembly (142ms)
			ExecutionOrderSort (0ms)
			DisableScriptedObjects (0ms)
			BackupInstance (0ms)
			ReleaseScriptingObjects (0ms)
			CreateAndSetChildDomain (3ms)
		EndReloadAssembly (1362ms)
			LoadAssemblies (141ms)
			RebuildTransferFunctionScriptingTraits (0ms)
			SetupTypeCache (476ms)
			ReleaseScriptCaches (0ms)
			RebuildScriptCaches (88ms)
			SetupLoadedEditorAssemblies (481ms)
				LogAssemblyErrors (0ms)
				InitializePlatformSupportModulesInManaged (48ms)
				SetLoadedEditorAssemblies (1ms)
				RefreshPlugins (146ms)
				BeforeProcessingInitializeOnLoad (40ms)
				ProcessInitializeOnLoadAttributes (183ms)
				ProcessInitializeOnLoadMethodAttributes (63ms)
				AfterProcessingInitializeOnLoad (0ms)
				EditorAssembliesLoaded (0ms)
			ExecutionOrderSort2 (0ms)
			AwakeInstancesAfterBackupRestoration (0ms)
Platform modules already initialized, skipping
Registering precompiled user dll's ...
Registered in 0.015998 seconds.
Begin MonoManager ReloadAssembly
Native extension for WindowsStandalone target not found
Native extension for WebGL target not found
Refreshing native plugins compatible for Editor in 2.98 ms, found 2 plugins.
Preloading 0 native plugins for Editor in 0.00 ms.
Mono: successfully reloaded assembly
- Completed reload, in  2.961 seconds
Domain Reload Profiling:
	ReloadAssembly (2963ms)
		BeginReloadAssembly (361ms)
			ExecutionOrderSort (0ms)
			DisableScriptedObjects (9ms)
			BackupInstance (0ms)
			ReleaseScriptingObjects (0ms)
			CreateAndSetChildDomain (37ms)
		EndReloadAssembly (2446ms)
			LoadAssemblies (261ms)
			RebuildTransferFunctionScriptingTraits (0ms)
			SetupTypeCache (778ms)
			ReleaseScriptCaches (1ms)
			RebuildScriptCaches (113ms)
			SetupLoadedEditorAssemblies (1062ms)
				LogAssemblyErrors (0ms)
				InitializePlatformSupportModulesInManaged (15ms)
				SetLoadedEditorAssemblies (1ms)
				RefreshPlugins (3ms)
				BeforeProcessingInitializeOnLoad (223ms)
				ProcessInitializeOnLoadAttributes (595ms)
				ProcessInitializeOnLoadMethodAttributes (219ms)
				AfterProcessingInitializeOnLoad (4ms)
				EditorAssembliesLoaded (1ms)
			ExecutionOrderSort2 (0ms)
			AwakeInstancesAfterBackupRestoration (3ms)
Platform modules already initialized, skipping
========================================================================
Worker process is ready to serve import requests
Launched and connected shader compiler UnityShaderCompiler.exe after 0.17 seconds
Refreshing native plugins compatible for Editor in 1.58 ms, found 2 plugins.
Preloading 0 native plugins for Editor in 0.00 ms.
Unloading 2391 Unused Serialized files (Serialized files now loaded: 0)
System memory in use before: 92.6 MB.
System memory in use after: 92.8 MB.

Unloading 60 unused Assets to reduce memory usage. Loaded Objects now: 2794.
Total: 15.983100 ms (FindLiveObjects: 0.535500 ms CreateObjectMapping: 0.336600 ms MarkObjects: 15.004900 ms  DeleteObjects: 0.103600 ms)

AssetImportParameters requested are different than current active one (requested -> active):
  custom:framework-win-MediaFoundation: 216162199b28c13a410421893ffa2e32 -> 
  custom:video-decoder-ogg-theora: a1e56fd34408186e4bbccfd4996cb3dc -> 
  custom:container-muxer-webm: aa71ff27fc2769a1b78a27578f13a17b -> 
  custom:container-demuxer-webm: 4f35f7cbe854078d1ac9338744f61a02 -> 
  custom:container-demuxer-ogg: 62fdf1f143b41e24485cea50d1cbac27 -> 
  custom:video-encoder-webm-vp8: eb34c28f22e8b96e1ab97ce403110664 -> 
  custom:video-decoder-webm-vp8: 9c59270c3fd7afecdb556c50c9e8de78 -> 
  custom:audio-decoder-ogg-vorbis: bf7c407c2cedff20999df2af8eb42d56 -> 
  custom:audio-encoder-webm-vorbis: bf7c407c2cedff20999df2af8eb42d56 -> 
========================================================================
Received Import Request.
  path: Assets/Scripts/BoardHighlights.cs
  artifactKey: Guid(2af8f67ffbc833547a4734cc567920af) Importer(815301076,1909f56bfc062723c751e8b465ee728b)
Start importing Assets/Scripts/BoardHighlights.cs using Guid(2af8f67ffbc833547a4734cc567920af) Importer(815301076,1909f56bfc062723c751e8b465ee728b)  -> (artifact id: '10f2df4c3d0fabccea89f1cb6fbeb795') in 0.166281 seconds 
========================================================================
Received Import Request.
  Time since last request: 0.000518 seconds.
  path: Assets/Scripts/BoardManager.cs
  artifactKey: Guid(249bd04f97f4fcf409a0a29376ac4ee7) Importer(815301076,1909f56bfc062723c751e8b465ee728b)
Start importing Assets/Scripts/BoardManager.cs using Guid(249bd04f97f4fcf409a0a29376ac4ee7) Importer(815301076,1909f56bfc062723c751e8b465ee728b)  -> (artifact id: 'b0ff8dd9d8121223b1df2b3dfee74589') in 0.024854 seconds 
========================================================================
Received Import Request.
  Time since last request: 0.000508 seconds.
  path: Assets/Scripts/Chessman/King.cs
  artifactKey: Guid(a3a508a182e875243b6b112222caeb3f) Importer(815301076,1909f56bfc062723c751e8b465ee728b)
Start importing Assets/Scripts/Chessman/King.cs using Guid(a3a508a182e875243b6b112222caeb3f) Importer(815301076,1909f56bfc062723c751e8b465ee728b)  -> (artifact id: '510f27230db843601c97a41da94c6948') in 0.025203 seconds 
========================================================================
Received Import Request.
  Time since last request: 0.000347 seconds.
  path: Assets/Scripts/Chessman/Knight.cs
  artifactKey: Guid(08d9ca75761260e45a47d4924a0bcf8a) Importer(815301076,1909f56bfc062723c751e8b465ee728b)
Start importing Assets/Scripts/Chessman/Knight.cs using Guid(08d9ca75761260e45a47d4924a0bcf8a) Importer(815301076,1909f56bfc062723c751e8b465ee728b)  -> (artifact id: '13814f017356f9574a8c03d4d098ff66') in 0.040724 seconds 
========================================================================
Received Import Request.
  Time since last request: 0.000453 seconds.
  path: Assets/Scripts/Chessman/Pawn.cs
  artifactKey: Guid(78eb40e4a67d51c4d880ed0cc6c7ab25) Importer(815301076,1909f56bfc062723c751e8b465ee728b)
Start importing Assets/Scripts/Chessman/Pawn.cs using Guid(78eb40e4a67d51c4d880ed0cc6c7ab25) Importer(815301076,1909f56bfc062723c751e8b465ee728b)  -> (artifact id: '541158a89a91d100acfe4021cc3e4465') in 0.033859 seconds 
========================================================================
Received Import Request.
  Time since last request: 0.000298 seconds.
  path: Assets/Scripts/Chessman/Bishop.cs
  artifactKey: Guid(0b049f340b5d5b9408b748632a10e6c8) Importer(815301076,1909f56bfc062723c751e8b465ee728b)
Start importing Assets/Scripts/Chessman/Bishop.cs using Guid(0b049f340b5d5b9408b748632a10e6c8) Importer(815301076,1909f56bfc062723c751e8b465ee728b)  -> (artifact id: '5c46aed7a7d41620e9999f68e7462456') in 0.046111 seconds 
========================================================================
Received Import Request.
  Time since last request: 0.000324 seconds.
  path: Assets/Scripts/Chessman/Chessman.cs
  artifactKey: Guid(2a4600df82bd22e4baa771ba3b92ea13) Importer(815301076,1909f56bfc062723c751e8b465ee728b)
Start importing Assets/Scripts/Chessman/Chessman.cs using Guid(2a4600df82bd22e4baa771ba3b92ea13) Importer(815301076,1909f56bfc062723c751e8b465ee728b)  -> (artifact id: '83df7207e344c2c606ec778bd408907d') in 0.043391 seconds 
========================================================================
Received Import Request.
  Time since last request: 5.463569 seconds.
  path: Assets/Scripts/Run.cs
  artifactKey: Guid(6fda69412d24d874ba16eecf08e2d068) Importer(815301076,1909f56bfc062723c751e8b465ee728b)
Start importing Assets/Scripts/Run.cs using Guid(6fda69412d24d874ba16eecf08e2d068) Importer(815301076,1909f56bfc062723c751e8b465ee728b)  -> (artifact id: '2e6b2f6d62dbeefddc09c738103b5fd9') in 0.037237 seconds 
========================================================================
Received Import Request.
  Time since last request: 41.027147 seconds.
  path: Assets/Scripts/Chessman/Queen.cs
  artifactKey: Guid(ead98791e6037e345aad768e12c7a3c0) Importer(815301076,1909f56bfc062723c751e8b465ee728b)
Start importing Assets/Scripts/Chessman/Queen.cs using Guid(ead98791e6037e345aad768e12c7a3c0) Importer(815301076,1909f56bfc062723c751e8b465ee728b)  -> (artifact id: 'c363c1c7d416ccf66f7d3a13ef601238') in 0.047673 seconds 
AssetImportWorkerClient::OnTransportError - code=2 error=End of file
